<?xml version='1.0' encoding='UTF-8'?>
<!DOCTYPE coverage SYSTEM 'http://cobertura.sourceforge.net/xml/coverage-04.dtd'>
<coverage line-rate="0.9710144927536232" branch-rate="0.7857142857142857" lines-covered="67" lines-valid="69" branches-covered="11" branches-valid="14" complexity="0.0" timestamp="1724808012" version="gcovr 5.0"><sources><source>.</source></sources><packages><package name="src" line-rate="0.9710144927536232" branch-rate="0.7857142857142857" complexity="0.0"><classes><class name="chacha20_c" filename="src/chacha20.c" line-rate="0.9710144927536232" branch-rate="0.7857142857142857" complexity="0.0"><methods/><lines><line number="10" hits="128" branch="false"/><line number="12" hits="128" branch="false"/><line number="13" hits="128" branch="false"/><line number="14" hits="128" branch="false"/><line number="15" hits="128" branch="false"/><line number="16" hits="128" branch="false"/><line number="17" hits="128" branch="false"/><line number="20" hits="8" branch="false"/><line number="22" hits="8" branch="false"/><line number="23" hits="8" branch="false"/><line number="25" hits="8" branch="false"/><line number="26" hits="8" branch="false"/><line number="27" hits="8" branch="false"/><line number="28" hits="8" branch="false"/><line number="29" hits="8" branch="false"/><line number="30" hits="8" branch="false"/><line number="31" hits="8" branch="false"/><line number="32" hits="8" branch="false"/><line number="33" hits="8" branch="false"/><line number="34" hits="8" branch="false"/><line number="35" hits="8" branch="false"/><line number="36" hits="8" branch="false"/><line number="37" hits="8" branch="false"/><line number="38" hits="8" branch="false"/><line number="39" hits="8" branch="false"/><line number="40" hits="8" branch="false"/><line number="41" hits="8" branch="false"/><line number="43" hits="8" branch="false"/><line number="44" hits="8" branch="false"/><line number="46" hits="8" branch="false"/><line number="48" hits="8" branch="false"/><line number="49" hits="8" branch="false"/><line number="50" hits="8" branch="false"/><line number="52" hits="6" branch="false"/><line number="55" hits="102" branch="true" condition-coverage="100% (2/2)"><conditions><condition number="0" type="jump" coverage="100%"/></conditions></line><line number="57" hits="96" branch="false"/><line number="60" hits="66" branch="true" condition-coverage="100% (2/2)"><conditions><condition number="0" type="jump" coverage="100%"/></conditions></line><line number="62" hits="60" branch="false"/><line number="63" hits="60" branch="false"/><line number="64" hits="60" branch="false"/><line number="65" hits="60" branch="false"/><line number="66" hits="60" branch="false"/><line number="67" hits="60" branch="false"/><line number="68" hits="60" branch="false"/><line number="69" hits="60" branch="false"/><line number="72" hits="102" branch="true" condition-coverage="100% (2/2)"><conditions><condition number="0" type="jump" coverage="100%"/></conditions></line><line number="74" hits="96" branch="false"/><line number="77" hits="6" branch="false"/><line number="78" hits="6" branch="false"/><line number="79" hits="6" branch="true" condition-coverage="50% (1/2)"><conditions><condition number="0" type="jump" coverage="50%"/></conditions></line><line number="82" hits="0" branch="false"/><line number="88" hits="0" branch="true" condition-coverage="0% (0/2)"><conditions><condition number="0" type="jump" coverage="0%"/></conditions></line><line number="90" hits="6" branch="false"/><line number="92" hits="8" branch="false"/><line number="95" hits="8" branch="false"/><line number="97" hits="8" branch="false"/><line number="98" hits="8" branch="false"/><line number="100" hits="8" branch="false"/><line number="101" hits="8" branch="false"/><line number="102" hits="8" branch="false"/><line number="104" hits="5" branch="false"/><line number="106" hits="5" branch="false"/><line number="107" hits="165" branch="true" condition-coverage="100% (2/2)"><conditions><condition number="0" type="jump" coverage="100%"/></conditions></line><line number="109" hits="160" branch="true" condition-coverage="100% (2/2)"><conditions><condition number="0" type="jump" coverage="100%"/></conditions></line><line number="111" hits="5" branch="false"/><line number="112" hits="5" branch="false"/><line number="114" hits="160" branch="false"/><line number="115" hits="160" branch="false"/><line number="117" hits="5" branch="false"/></lines></class></classes></package></packages></coverage>